2019-06-07T20:45:40.409Z [info] [app/profile/route.js]: BEGIN
2019-06-07T20:45:40.433Z [info] [app/profile/controller.js]: BEGIN
2019-06-07T20:45:40.427Z [info] [app/profile/route.js]: SUCCESS
2019-06-07T20:45:40.465Z [info] [app/profile/template.hbs]: BEGIN
2019-06-07T20:45:40.474Z [info] [app/profile/controller.js]: SUCCESS
2019-06-07T20:52:15.496Z [info] [app/tailwind/config/min-height.js]: BEGIN
2019-06-07T20:52:15.520Z [info] [app/app.js]: BEGIN
2019-06-07T20:52:15.529Z [info] [app/components/adm-github-ribbon/template.hbs]: BEGIN
2019-06-07T20:52:15.540Z [info] [app/tailwind/components/adm-nav-btn.css]: BEGIN
2019-06-07T20:52:15.575Z [info] [app/tailwind/config/colors.js]: BEGIN
2019-06-07T20:52:15.612Z [info] [app/profile/template.hbs]: BEGIN
2019-06-07T20:52:15.522Z [info] [app/tailwind/config/min-width.js]: BEGIN
2019-06-07T20:52:15.553Z [info] [app/tailwind/config/negative-margin.js]: BEGIN
2019-06-07T20:52:15.575Z [info] [app/tailwind/config/opacity.js]: BEGIN
2019-06-07T20:52:15.611Z [info] [app/tailwind/config/padding.js]: BEGIN
2019-06-07T20:52:15.635Z [info] [app/tailwind/config/screens.js]: BEGIN
2019-06-07T20:52:15.678Z [info] [app/tailwind/config/shadows.js]: BEGIN
2019-06-07T20:52:15.682Z [info] [app/tailwind/config/svg-fill.js]: BEGIN
2019-06-07T20:52:15.686Z [info] [app/tailwind/config/svg-stroke.js]: BEGIN
2019-06-07T20:52:15.701Z [info] [app/tailwind/config/tailwind.js]: BEGIN
2019-06-07T20:52:15.612Z [info] [app/tailwind/components/adm-stat.css]: BEGIN
2019-06-07T20:52:15.697Z [info] [app/tailwind/components/adm-navbar-burger.css]: BEGIN
2019-06-07T20:52:15.711Z [info] [app/tailwind/components/ember-power-select.css]: BEGIN
2019-06-07T20:52:15.747Z [info] [app/tailwind/config/background-colors.js]: BEGIN
2019-06-07T20:52:15.768Z [info] [app/tailwind/config/border-radius.js]: BEGIN
2019-06-07T20:52:15.784Z [info] [app/tailwind/config/background-size.js]: BEGIN
2019-06-07T20:52:15.829Z [info] [app/tailwind/config/border-colors.js]: BEGIN
2019-06-07T20:52:15.847Z [info] [app/tailwind/config/border-widths.js]: BEGIN
2019-06-07T20:52:15.668Z [info] [app/tailwind/config/font-weights.js]: BEGIN
2019-06-07T20:52:15.711Z [info] [app/tailwind/config/fonts.js]: BEGIN
2019-06-07T20:52:15.739Z [info] [app/tailwind/config/height.js]: BEGIN
2019-06-07T20:52:15.787Z [info] [app/tailwind/config/line-height.js]: BEGIN
2019-06-07T20:52:15.798Z [info] [app/tailwind/config/letter-spacing.js]: BEGIN
2019-06-07T20:52:15.803Z [info] [app/tailwind/config/max-height.js]: BEGIN
2019-06-07T20:52:15.854Z [info] [app/tailwind/config/margin.js]: BEGIN
2019-06-07T20:52:15.870Z [info] [app/tailwind/config/max-width.js]: BEGIN
2019-06-07T20:52:15.591Z [info] [app/components/adm-hero-banner/component.js]: BEGIN
2019-06-07T20:52:15.626Z [info] [app/components/adm-hero-banner/component.js]: SUCCESS
2019-06-07T20:52:15.741Z [info] [app/components/adm-hero-banner/template.hbs]: BEGIN
2019-06-07T20:52:15.788Z [info] [app/components/adm-navbar/component.js]: BEGIN
2019-06-07T20:52:15.809Z [info] [app/components/adm-navbar/component.js]: SUCCESS
2019-06-07T20:52:15.892Z [info] [app/components/adm-navbar/template.hbs]: BEGIN
2019-06-07T20:52:15.920Z [info] [app/components/adm-navbar-link/component.js]: BEGIN
2019-06-07T20:52:15.926Z [info] [app/components/adm-navbar-link/component.js]: SUCCESS
2019-06-07T20:52:15.949Z [info] [app/components/adm-navbar-link/template.hbs]: BEGIN
2019-06-07T20:52:15.981Z [info] [app/tailwind/components/adm-btn.css]: BEGIN
2019-06-07T20:52:15.994Z [info] [app/tailwind/components/adm-card.css]: BEGIN
2019-06-07T20:52:15.825Z [info] [app/tailwind/config/text-colors.js]: BEGIN
2019-06-07T20:52:15.870Z [info] [app/tailwind/config/text-sizes.js]: BEGIN
2019-06-07T20:52:15.900Z [info] [app/tailwind/config/width.js]: BEGIN
2019-06-07T20:52:15.947Z [info] [app/tailwind/config/z-index.js]: BEGIN
2019-06-07T20:52:16.033Z [info] [app/tailwind/utilities/grid.css]: BEGIN
2019-06-07T20:52:15.703Z [info] [app/tailwind/modules.css]: BEGIN
2019-06-07T20:52:15.716Z [info] [app/styles/app.scss]: BEGIN
2019-06-07T20:52:15.723Z [info] [app/templates/application.hbs]: BEGIN
2019-06-07T20:52:15.798Z [info] [app/components/adm-checklist/component.js]: BEGIN
2019-06-07T20:52:15.883Z [info] [app/components/adm-checklist/component.js]: SUCCESS
2019-06-07T20:52:15.974Z [info] [app/components/adm-checklist/template.hbs]: BEGIN
2019-06-07T20:52:16.016Z [info] [app/components/adm-checklist-container/component.js]: BEGIN
2019-06-07T20:52:16.030Z [info] [app/components/adm-checklist-container/component.js]: SUCCESS
2019-06-07T20:52:16.040Z [info] [app/components/adm-checklist-container/template.hbs]: BEGIN
2019-06-07T20:52:16.087Z [info] [app/components/adm-github-ribbon/component.js]: BEGIN
2019-06-07T20:52:16.116Z [info] [app/components/adm-github-ribbon/component.js]: SUCCESS
2019-06-07T20:52:15.551Z [warn] [app/app.js]: FAILURE 
Validation errors: 
	[engines]: Transform not supported - value is of type object. For more details: eslint-plugin-ember/avoid-leaking-state-in-ember-objects
2019-06-07T20:52:15.635Z [info] [app/index.html]: BEGIN
2019-06-07T20:52:15.678Z [info] [app/resolver.js]: BEGIN
2019-06-07T20:52:15.721Z [info] [app/router.js]: BEGIN
2019-06-07T20:52:15.737Z [info] [app/router.js]: SUCCESS
2019-06-07T20:52:15.831Z [info] [app/profile/controller.js]: BEGIN
2019-06-07T20:52:15.845Z [info] [app/profile/route.js]: BEGIN
2019-06-07T20:52:15.865Z [info] [app/analytic/model.js]: BEGIN
2019-06-07T20:52:15.870Z [warn] [app/analytic/model.js]: FAILURE 
Validation errors: 
	[chart]: Transform not supported - need option '--decorators=true' or the property type CallExpression can not be transformed
	[news]: Transform not supported - need option '--decorators=true' or the property type CallExpression can not be transformed
	[quote]: Transform not supported - need option '--decorators=true' or the property type CallExpression can not be transformed
	[symbol]: Transform not supported - need option '--decorators=true' or the property type CallExpression can not be transformed
2019-06-07T20:52:15.903Z [info] [app/analytic/serializer.js]: BEGIN
2019-06-07T20:52:15.971Z [info] [app/analytic/serializer.js]: SUCCESS
2019-06-07T20:52:16.074Z [info] [app/analytic/adapter.js]: BEGIN
2019-06-07T20:52:16.122Z [info] [app/analytic/adapter.js]: SUCCESS
